<?xml version="1.0" encoding="UTF-8"?>
<!-- Generated by org.testng.reporters.JUnitReportReporter -->
<testsuite hostname="Akriti" failures="0" tests="3" name="TestNPackage.OrangeHRMdemo" time="9.578" errors="0" timestamp="2024-06-04T13:40:44 IST" skipped="0">
  <testcase classname="TestNPackage.OrangeHRMdemo" name="login" time="1.006"/>
  <system-out/>
  <testcase classname="TestNPackage.OrangeHRMdemo" name="verifyloginpage" time="2.309"/>
  <system-out/>
  <testcase classname="TestNPackage.OrangeHRMdemo" name="logout" time="6.263"/>
  <system-out/>
</testsuite> <!-- TestNPackage.OrangeHRMdemo -->
